<?xml version="1.0" encoding="UTF-8"?>
<testsuite name="HangmanTest" tests="3" skipped="0" failures="0" errors="0" timestamp="2017-03-16T22:36:27" hostname="Epicodus-6B.local" time="0.002">
  <properties/>
  <testcase name="newHangman_getCorrectAnswer_true" classname="HangmanTest" time="0.001"/>
  <testcase name="newHangman_getLetterFromUser_true" classname="HangmanTest" time="0.0"/>
  <testcase name="newHangman_instantiatesCorrectly" classname="HangmanTest" time="0.0"/>
  <system-out><![CDATA[]]></system-out>
  <system-err><![CDATA[]]></system-err>
</testsuite>
